0 verbose cli [ '/usr/local/bin/node', '/usr/local/bin/npm', 'install', '-g', 'n' ]
1 info using npm@8.3.1
2 info using node@v14.18.0
3 timing npm:load:whichnode Completed in 0ms
4 timing config:load:defaults Completed in 2ms
5 timing config:load:file:/usr/local/lib/node_modules/npm/npmrc Completed in 3ms
6 timing config:load:builtin Completed in 4ms
7 timing config:load:cli Completed in 2ms
8 timing config:load:env Completed in 0ms
9 timing config:load:project Completed in 0ms
10 timing config:load:file:/root/.npmrc Completed in 1ms
11 timing config:load:user Completed in 1ms
12 timing config:load:file:/usr/local/etc/npmrc Completed in 13ms
13 timing config:load:global Completed in 13ms
14 timing config:load:validate Completed in 0ms
15 timing config:load:credentials Completed in 2ms
16 timing config:load:setEnvs Completed in 1ms
17 timing config:load Completed in 26ms
18 timing npm:load:configload Completed in 26ms
19 timing npm:load:setTitle Completed in 1ms
20 timing config:load:flatten Completed in 4ms
21 timing npm:load:display Completed in 6ms
22 verbose logfile /root/.npm/_logs/2022-01-19T09_00_11_828Z-debug-0.log
23 timing npm:load:logFile Completed in 8ms
24 timing npm:load:timers Completed in 0ms
25 timing npm:load:configScope Completed in 0ms
26 timing npm:load Completed in 42ms
27 timing arborist:ctor Completed in 1ms
28 silly logfile start cleaning logs, removing 1 files
29 timing idealTree:init Completed in 6ms
30 timing idealTree:userRequests Completed in 4ms
31 silly idealTree buildDeps
32 silly fetch manifest n@*
33 http fetch GET 200 https://registry.npmjs.org/n 648ms (cache miss)
34 silly placeDep ROOT n@8.0.2 OK for:  want: *
35 timing idealTree:#root Completed in 659ms
36 timing idealTree:node_modules/n Completed in 0ms
37 timing idealTree:buildDeps Completed in 661ms
38 timing idealTree:fixDepFlags Completed in 1ms
39 timing idealTree Completed in 672ms
40 timing reify:loadTrees Completed in 679ms
41 timing reify:diffTrees Completed in 1ms
42 silly reify mark retired [ '/usr/local/lib/node_modules/n', '/usr/local/bin/n' ]
43 silly reify moves {
43 silly reify   '/usr/local/lib/node_modules/n': '/usr/local/lib/node_modules/.n-oBR4I52F',
43 silly reify   '/usr/local/bin/n': '/usr/local/bin/.n-V4z1q9jq'
43 silly reify }
44 timing reify:retireShallow Completed in 3ms
45 timing reify:createSparse Completed in 1ms
46 timing reify:loadBundles Completed in 0ms
47 silly audit bulk request { n: [ '8.0.2' ] }
48 silly tarball no local data for n@https://registry.npmjs.org/n/-/n-8.0.2.tgz. Extracting by manifest.
49 http fetch GET 200 https://registry.npmjs.org/n/-/n-8.0.2.tgz 56ms (cache miss)
50 timing reifyNode:node_modules/n Completed in 64ms
51 timing reify:unpack Completed in 65ms
52 timing reify:unretire Completed in 0ms
53 timing build:queue Completed in 1ms
54 timing build:link:node_modules/n Completed in 3ms
55 timing build:link Completed in 3ms
56 timing build:deps Completed in 4ms
57 timing build Completed in 4ms
58 timing reify:build Completed in 5ms
59 timing reify:trash Completed in 2ms
60 http fetch POST 200 https://registry.npmjs.org/-/npm/v1/security/advisories/bulk 169ms
61 timing auditReport:getReport Completed in 169ms
62 silly audit report {}
63 timing auditReport:init Completed in 0ms
64 timing reify:audit Completed in 171ms
65 timing reify Completed in 870ms
66 silly CHANGE node_modules/n
67 timing command:install Completed in 877ms
68 verbose exit 0
69 timing npm Completed in 1278ms
70 info ok
