0 verbose cli [ '/usr/local/bin/node', '/usr/local/bin/npm', 'install' ]
1 info using npm@8.3.1
2 info using node@v14.18.0
3 timing npm:load:whichnode Completed in 0ms
4 timing config:load:defaults Completed in 2ms
5 timing config:load:file:/usr/local/lib/node_modules/npm/npmrc Completed in 3ms
6 timing config:load:builtin Completed in 3ms
7 timing config:load:cli Completed in 1ms
8 timing config:load:env Completed in 1ms
9 timing config:load:file:/root/SubQl/HelloWorld/.npmrc Completed in 0ms
10 timing config:load:project Completed in 1ms
11 timing config:load:file:/root/.npmrc Completed in 0ms
12 timing config:load:user Completed in 0ms
13 timing config:load:file:/usr/local/etc/npmrc Completed in 13ms
14 timing config:load:global Completed in 13ms
15 timing config:load:validate Completed in 1ms
16 timing config:load:credentials Completed in 1ms
17 timing config:load:setEnvs Completed in 1ms
18 timing config:load Completed in 24ms
19 timing npm:load:configload Completed in 24ms
20 timing npm:load:setTitle Completed in 1ms
21 timing config:load:flatten Completed in 4ms
22 timing npm:load:display Completed in 6ms
23 verbose logfile /root/.npm/_logs/2022-01-18T22_21_46_319Z-debug-0.log
24 timing npm:load:logFile Completed in 6ms
25 timing npm:load:timers Completed in 0ms
26 timing npm:load:configScope Completed in 0ms
27 timing npm:load Completed in 37ms
28 timing arborist:ctor Completed in 1ms
29 timing idealTree:init Completed in 455ms
30 timing idealTree:userRequests Completed in 0ms
31 silly idealTree buildDeps
32 timing idealTree:#root Completed in 0ms
33 timing idealTree:buildDeps Completed in 2ms
34 timing idealTree:fixDepFlags Completed in 0ms
35 timing idealTree Completed in 468ms
36 timing arborist:ctor Completed in 0ms
37 timing reify:loadTrees Completed in 785ms
38 timing reify:diffTrees Completed in 14ms
39 silly reify moves {}
40 timing reify:retireShallow Completed in 1ms
41 timing reify:createSparse Completed in 0ms
42 timing reify:loadBundles Completed in 0ms
43 silly audit bulk request {
43 silly audit   '@babel/runtime': [ '7.16.7' ],
43 silly audit   '@ipld/dag-cbor': [ '6.0.15' ],
43 silly audit   '@ipld/dag-pb': [ '2.1.15' ],
43 silly audit   '@kwsites/file-exists': [ '1.1.1' ],
43 silly audit   '@kwsites/promise-deferred': [ '1.1.1' ],
43 silly audit   '@noble/hashes': [ '0.5.7' ],
43 silly audit   '@noble/secp256k1': [ '1.3.4' ],
43 silly audit   '@nodelib/fs.scandir': [ '2.1.5' ],
43 silly audit   '@nodelib/fs.stat': [ '2.0.5' ],
43 silly audit   '@nodelib/fs.walk': [ '1.2.8' ],
43 silly audit   '@oclif/command': [ '1.8.16' ],
43 silly audit   '@oclif/config': [ '1.18.2' ],
43 silly audit   '@oclif/errors': [ '1.3.5' ],
43 silly audit   '@oclif/help': [ '1.0.1' ],
43 silly audit   'wrap-ansi': [ '6.2.0', '7.0.0' ],
43 silly audit   '@oclif/linewrap': [ '1.0.0' ],
43 silly audit   '@oclif/parser': [ '3.8.6' ],
43 silly audit   '@oclif/plugin-help': [ '3.3.1' ],
43 silly audit   '@oclif/screen': [ '1.0.4' ],
43 silly audit   '@polkadot/api': [ '7.4.1' ],
43 silly audit   '@polkadot/api-augment': [ '7.4.1' ],
43 silly audit   '@polkadot/api-base': [ '7.4.1' ],
43 silly audit   '@polkadot/api-derive': [ '7.4.1' ],
43 silly audit   '@polkadot/keyring': [ '8.3.2' ],
43 silly audit   '@polkadot/networks': [ '8.3.2' ],
43 silly audit   '@polkadot/rpc-augment': [ '7.4.1' ],
43 silly audit   '@polkadot/rpc-core': [ '7.4.1' ],
43 silly audit   '@polkadot/rpc-provider': [ '7.4.1' ],
43 silly audit   '@polkadot/types': [ '7.4.1' ],
43 silly audit   '@polkadot/types-augment': [ '7.4.1' ],
43 silly audit   '@polkadot/types-codec': [ '7.4.1' ],
43 silly audit   '@polkadot/types-create': [ '7.4.1' ],
43 silly audit   '@polkadot/types-known': [ '7.4.1' ],
43 silly audit   '@polkadot/types-support': [ '7.4.1' ],
43 silly audit   '@polkadot/util': [ '8.3.2' ],
43 silly audit   '@polkadot/util-crypto': [ '8.3.2' ],
43 silly audit   '@polkadot/wasm-crypto': [ '4.5.1' ],
43 silly audit   '@polkadot/wasm-crypto-asmjs': [ '4.5.1' ],
43 silly audit   '@polkadot/wasm-crypto-wasm': [ '4.5.1' ],
43 silly audit   '@polkadot/x-bigint': [ '8.3.2' ],
43 silly audit   '@polkadot/x-fetch': [ '8.3.2' ],
43 silly audit   '@polkadot/x-global': [ '8.3.2' ],
43 silly audit   '@polkadot/x-randomvalues': [ '8.3.2' ],
43 silly audit   '@polkadot/x-textdecoder': [ '8.3.2' ],
43 silly audit   '@polkadot/x-textencoder': [ '8.3.2' ],
43 silly audit   '@polkadot/x-ws': [ '8.3.2' ],
43 silly audit   '@protobufjs/aspromise': [ '1.1.2' ],
43 silly audit   '@protobufjs/base64': [ '1.1.2' ],
43 silly audit   '@protobufjs/codegen': [ '2.0.4' ],
43 silly audit   '@protobufjs/eventemitter': [ '1.1.0' ],
43 silly audit   '@protobufjs/fetch': [ '1.1.0' ],
43 silly audit   '@protobufjs/float': [ '1.0.2' ],
43 silly audit   '@protobufjs/inquire': [ '1.1.0' ],
43 silly audit   '@protobufjs/path': [ '1.1.2' ],
43 silly audit   '@protobufjs/pool': [ '1.1.0' ],
43 silly audit   '@protobufjs/utf8': [ '1.1.0' ],
43 silly audit   '@subql/cli': [ '0.18.0' ],
43 silly audit   '@subql/common': [ '0.16.0' ],
43 silly audit   'bn.js': [ '4.11.6', '4.12.0' ],
43 silly audit   '@subql/types': [ '0.13.0' ],
43 silly audit   '@subql/validator': [ '0.4.2' ],
43 silly audit   '@subql/x-vm2': [ '3.9.3-0.1.0' ],
43 silly audit   '@types/bn.js': [ '4.11.6' ],
43 silly audit   '@types/debug': [ '4.1.7' ],
43 silly audit   '@types/ejs': [ '3.1.0' ],
43 silly audit   '@types/eslint': [ '8.2.2' ],
43 silly audit   '@types/eslint-scope': [ '3.7.3' ],
43 silly audit   '@types/estree': [ '0.0.50' ],
43 silly audit   '@types/inquirer': [ '8.1.3' ],
43 silly audit   '@types/json-schema': [ '7.0.9' ],
43 silly audit   '@types/long': [ '4.0.1' ],
43 silly audit   '@types/minimatch': [ '3.0.5' ],
43 silly audit   '@types/ms': [ '0.7.31' ],
43 silly audit   '@types/node': [ '17.0.10' ],
43 silly audit   '@types/node-fetch': [ '2.5.12' ],
43 silly audit   '@types/through': [ '0.0.30' ],
43 silly audit   '@types/websocket': [ '1.0.4' ],
43 silly audit   '@webassemblyjs/ast': [ '1.11.1' ],
43 silly audit   '@webassemblyjs/floating-point-hex-parser': [ '1.11.1' ],
43 silly audit   '@webassemblyjs/helper-api-error': [ '1.11.1' ],
43 silly audit   '@webassemblyjs/helper-buffer': [ '1.11.1' ],
43 silly audit   '@webassemblyjs/helper-numbers': [ '1.11.1' ],
43 silly audit   '@webassemblyjs/helper-wasm-bytecode': [ '1.11.1' ],
43 silly audit   '@webassemblyjs/helper-wasm-section': [ '1.11.1' ],
43 silly audit   '@webassemblyjs/ieee754': [ '1.11.1' ],
43 silly audit   '@webassemblyjs/leb128': [ '1.11.1' ],
43 silly audit   '@webassemblyjs/utf8': [ '1.11.1' ],
43 silly audit   '@webassemblyjs/wasm-edit': [ '1.11.1' ],
43 silly audit   '@webassemblyjs/wasm-gen': [ '1.11.1' ],
43 silly audit   '@webassemblyjs/wasm-opt': [ '1.11.1' ],
43 silly audit   '@webassemblyjs/wasm-parser': [ '1.11.1' ],
43 silly audit   '@webassemblyjs/wast-printer': [ '1.11.1' ],
43 silly audit   '@xtuc/ieee754': [ '1.2.0' ],
43 silly audit   '@xtuc/long': [ '4.2.2' ],
43 silly audit   'abort-controller': [ '3.0.0' ],
43 silly audit   acorn: [ '8.7.0' ],
43 silly audit   'acorn-import-assertions': [ '1.8.0' ],
43 silly audit   address: [ '1.1.2' ],
43 silly audit   ajv: [ '6.12.6' ],
43 silly audit   'ajv-keywords': [ '3.5.2' ],
43 silly audit   'ansi-escapes': [ '4.3.2', '3.2.0' ],
43 silly audit   'ansi-regex': [ '5.0.1' ],
43 silly audit   'ansi-styles': [ '4.3.0', '3.2.1' ],
43 silly audit   ansicolors: [ '0.3.2' ],
43 silly audit   'any-signal': [ '2.1.2' ],
43 silly audit   argparse: [ '2.0.1', '1.0.10' ],
43 silly audit   'array-union': [ '2.1.0' ],
43 silly audit   async: [ '0.9.2' ],
43 silly audit   asynckit: [ '0.4.0' ],
43 silly audit   'atomic-sleep': [ '1.0.0' ],
43 silly audit   axios: [ '0.24.0' ],
43 silly audit   'balanced-match': [ '1.0.2' ],
43 silly audit   'base64-js': [ '1.5.1' ],
43 silly audit   'big.js': [ '5.2.2' ],
43 silly audit   bl: [ '4.1.0' ],
43 silly audit   buffer: [ '5.7.1', '6.0.3' ],
43 silly audit   'blob-to-it': [ '1.0.4' ],
43 silly audit   'brace-expansion': [ '1.1.11' ],
43 silly audit   braces: [ '3.0.2' ],
43 silly audit   'browser-readablestream-to-it': [ '1.0.3' ],
43 silly audit   browserslist: [ '4.19.1' ],
43 silly audit   'buffer-from': [ '1.1.2' ],
43 silly audit   bufferutil: [ '4.0.6' ],
43 silly audit   'caniuse-lite': [ '1.0.30001300' ],
43 silly audit   cardinal: [ '2.1.1' ],
43 silly audit   cborg: [ '1.6.1' ],
43 silly audit   chalk: [ '4.1.2', '2.4.2' ],
43 silly audit   chardet: [ '0.7.0' ],
43 silly audit   'chrome-trace-event': [ '1.0.3' ],
43 silly audit   'class-transformer': [ '0.4.0' ],
43 silly audit   'class-validator': [ '0.13.2' ],
43 silly audit   'clean-stack': [ '3.0.1' ],
43 silly audit   'cli-cursor': [ '3.1.0' ],
43 silly audit   'cli-progress': [ '3.10.0' ],
43 silly audit   'cli-spinners': [ '2.6.1' ],
43 silly audit   'cli-ux': [ '5.6.7' ],
43 silly audit   'js-yaml': [ '3.14.1', '4.1.0' ],
43 silly audit   'supports-color': [ '8.1.1', '5.5.0', '7.2.0' ],
43 silly audit   'cli-width': [ '3.0.0' ],
43 silly audit   clone: [ '1.0.4' ],
43 silly audit   'clone-deep': [ '4.0.1' ],
43 silly audit   'color-convert': [ '2.0.1', '1.9.3' ],
43 silly audit   'color-name': [ '1.1.4', '1.1.3' ],
43 silly audit   'combined-stream': [ '1.0.8' ],
43 silly audit   commander: [ '2.20.3' ],
43 silly audit   'concat-map': [ '0.0.1' ],
43 silly audit   'cross-spawn': [ '6.0.5' ],
43 silly audit   semver: [ '5.7.1', '7.3.5' ],
43 silly audit   d: [ '1.0.1' ],
43 silly audit   debug: [ '4.3.3', '2.6.9' ],
43 silly audit   defaults: [ '1.0.3' ],
43 silly audit   'delayed-stream': [ '1.0.0' ],
43 silly audit   'detect-port': [ '1.3.0' ],
43 silly audit   ms: [ '2.0.0', '2.1.2' ],
43 silly audit   'dir-glob': [ '3.0.1' ],
43 silly audit   'dns-over-http-resolver': [ '1.2.3' ],
43 silly audit   dottie: [ '2.0.2' ],
43 silly audit   ed2curve: [ '0.3.0' ],
43 silly audit   ejs: [ '3.1.6' ],
43 silly audit   'electron-fetch': [ '1.7.4' ],
43 silly audit   'electron-to-chromium': [ '1.4.48' ],
43 silly audit   'emoji-regex': [ '8.0.0' ],
43 silly audit   'emojis-list': [ '3.0.0' ],
43 silly audit   encoding: [ '0.1.13' ],
43 silly audit   'iconv-lite': [ '0.6.3', '0.4.24' ],
43 silly audit   'enhanced-resolve': [ '5.8.3' ],
43 silly audit   'err-code': [ '3.0.1' ],
43 silly audit   'es-module-lexer': [ '0.9.3' ],
43 silly audit   'es5-ext': [ '0.10.53' ],
43 silly audit   'es6-iterator': [ '2.0.3' ],
43 silly audit   'es6-symbol': [ '3.1.3' ],
43 silly audit   escalade: [ '3.1.1' ],
43 silly audit   'escape-string-regexp': [ '4.0.0', '1.0.5' ],
43 silly audit   'eslint-scope': [ '5.1.1' ],
43 silly audit   esprima: [ '4.0.1' ],
43 silly audit   esrecurse: [ '4.3.0' ],
43 silly audit   estraverse: [ '5.3.0', '4.3.0' ],
43 silly audit   'event-target-shim': [ '5.0.1' ],
43 silly audit   eventemitter3: [ '4.0.7' ],
43 silly audit   events: [ '3.3.0' ],
43 silly audit   ext: [ '1.6.0' ],
43 silly audit   type: [ '2.5.0', '1.2.0' ],
43 silly audit   'external-editor': [ '3.1.0' ],
43 silly audit   'extract-stack': [ '2.0.0' ],
43 silly audit   'fast-deep-equal': [ '3.1.3' ],
43 silly audit   'fast-fifo': [ '1.0.0' ],
43 silly audit   'fast-glob': [ '3.2.11' ],
43 silly audit   'fast-json-stable-stringify': [ '2.1.0' ],
43 silly audit   'fast-redact': [ '3.0.2' ],
43 silly audit   'fast-safe-stringify': [ '2.1.1' ],
43 silly audit   fastq: [ '1.13.0' ],
43 silly audit   figures: [ '3.2.0' ],
43 silly audit   filelist: [ '1.0.2' ],
43 silly audit   'fill-range': [ '7.0.1' ],
43 silly audit   flatstr: [ '1.0.12' ],
43 silly audit   flatted: [ '3.2.4' ],
43 silly audit   'follow-redirects': [ '1.14.7' ],
43 silly audit   'form-data': [ '3.0.1', '4.0.0' ],
43 silly audit   'fs-extra': [ '8.1.0' ],
43 silly audit   'fs.realpath': [ '1.0.0' ],
43 silly audit   fuzzy: [ '0.1.3' ],
43 silly audit   'get-iterator': [ '1.0.2' ],
43 silly audit   glob: [ '7.2.0' ],
43 silly audit   'glob-parent': [ '5.1.2' ],
43 silly audit   'glob-to-regexp': [ '0.4.1' ],
43 silly audit   globby: [ '11.1.0' ],
43 silly audit   'graceful-fs': [ '4.2.9' ],
43 silly audit   graphql: [ '15.8.0' ],
43 silly audit   'graphql-tag': [ '2.12.6' ],
43 silly audit   'has-flag': [ '4.0.0', '3.0.0' ],
43 silly audit   hyperlinker: [ '1.0.0' ],
43 silly audit   ieee754: [ '1.2.1' ],
43 silly audit   ignore: [ '5.2.0' ],
43 silly audit   'indent-string': [ '4.0.0' ],
43 silly audit   inflection: [ '1.13.1' ],
43 silly audit   inflight: [ '1.0.6' ],
43 silly audit   inherits: [ '2.0.4' ],
43 silly audit   inquirer: [ '8.2.0' ],
43 silly audit   'inquirer-autocomplete-prompt': [ '1.4.0' ],
43 silly audit   rxjs: [ '6.6.7', '7.5.2' ],
43 silly audit   tslib: [ '1.14.1', '2.3.1' ],
43 silly audit   'interface-datastore': [ '5.2.0' ],
43 silly audit   'interface-store': [ '1.0.2' ],
43 silly audit   'ip-regex': [ '4.3.0' ],
43 silly audit   'ipfs-core-types': [ '0.7.3' ],
43 silly audit   'ipfs-core-utils': [ '0.10.5' ],
43 silly audit   'ipfs-http-client': [ '52.0.5' ],
43 silly audit   'ipfs-unixfs': [ '6.0.6' ],
43 silly audit   'ipfs-utils': [ '8.1.6' ],
43 silly audit   '@achingbrain/node-fetch': [ '2.6.7' ],
43 silly audit   'is-docker': [ '2.2.1' ],
43 silly audit   'is-electron': [ '2.2.1' ],
43 silly audit   'is-extglob': [ '2.1.1' ],
43 silly audit   'is-fullwidth-code-point': [ '3.0.0' ],
43 silly audit   'is-glob': [ '4.0.3' ],
43 silly audit   'is-interactive': [ '1.0.0' ],
43 silly audit   'is-ip': [ '3.1.0' ],
43 silly audit   'is-number': [ '7.0.0' ],
43 silly audit   'is-plain-obj': [ '2.1.0' ],
43 silly audit   'is-plain-object': [ '2.0.4' ],
43 silly audit   'is-typedarray': [ '1.0.0' ],
43 silly audit   'is-unicode-supported': [ '0.1.0' ],
43 silly audit   'is-wsl': [ '2.2.0' ],
43 silly audit   isexe: [ '2.0.0' ],
43 silly audit   'iso-url': [ '1.2.1' ],
43 silly audit   isobject: [ '3.0.1' ],
43 silly audit   'it-all': [ '1.0.6' ],
43 silly audit   'it-drain': [ '1.0.5' ],
43 silly audit   'it-filter': [ '1.0.3' ],
43 silly audit   'it-first': [ '1.0.7' ],
43 silly audit   'it-glob': [ '0.0.14' ],
43 silly audit   'it-last': [ '1.0.6' ],
43 silly audit   'it-map': [ '1.0.6' ],
43 silly audit   'it-peekable': [ '1.0.3' ],
43 silly audit   'it-take': [ '1.0.2' ],
43 silly audit   'it-to-stream': [ '1.0.0' ],
43 silly audit   jake: [ '10.8.2' ],
43 silly audit   'jest-worker': [ '27.4.6' ],
43 silly audit   'json-parse-better-errors': [ '1.0.2' ],
43 silly audit   'json-schema-traverse': [ '0.4.1' ],
43 silly audit   'json-stringify-safe': [ '5.0.1' ],
43 silly audit   json5: [ '1.0.1' ],
43 silly audit   jsonfile: [ '4.0.0' ],
43 silly audit   'kind-of': [ '6.0.3' ],
43 silly audit   'libphonenumber-js': [ '1.9.44' ],
43 silly audit   'loader-runner': [ '4.2.0' ],
43 silly audit   'loader-utils': [ '1.4.0' ],
43 silly audit   lodash: [ '4.17.21' ],
43 silly audit   'lodash.set': [ '4.3.2' ],
43 silly audit   'log-symbols': [ '4.1.0' ],
43 silly audit   long: [ '4.0.0' ],
43 silly audit   'lru-cache': [ '6.0.0' ],
43 silly audit   'merge-options': [ '3.0.4' ],
43 silly audit   'merge-stream': [ '2.0.0' ],
43 silly audit   merge2: [ '1.4.1' ],
43 silly audit   'micro-base': [ '0.10.2' ],
43 silly audit   micromatch: [ '4.0.4' ],
43 silly audit   'mime-db': [ '1.51.0' ],
43 silly audit   'mime-types': [ '2.1.34' ],
43 silly audit   'mimic-fn': [ '2.1.0' ],
43 silly audit   minimatch: [ '3.0.4' ],
43 silly audit   minimist: [ '1.2.5' ],
43 silly audit   'mock-socket': [ '9.1.0' ],
43 silly audit   moment: [ '2.29.1' ],
43 silly audit   'moment-timezone': [ '0.5.34' ],
43 silly audit   multiaddr: [ '10.0.1' ],
43 silly audit   'multiaddr-to-uri': [ '8.0.0' ],
43 silly audit   multiformats: [ '9.5.9' ],
43 silly audit   'mute-stream': [ '0.0.8' ],
43 silly audit   nanoid: [ '3.2.0' ],
43 silly audit   'native-abort-controller': [ '1.0.4' ],
43 silly audit   'native-fetch': [ '3.0.0' ],
43 silly audit   'natural-orderby': [ '2.0.3' ],
43 silly audit   'neo-async': [ '2.6.2' ],
43 silly audit   'next-tick': [ '1.0.0' ],
43 silly audit   'nice-try': [ '1.0.5' ],
43 silly audit   nock: [ '13.2.2' ],
43 silly audit   'node-fetch': [ '2.6.7' ],
43 silly audit   'node-gyp-build': [ '4.3.0' ],
43 silly audit   'node-releases': [ '2.0.1' ],
43 silly audit   'object-treeify': [ '1.1.33' ],
43 silly audit   once: [ '1.4.0' ],
43 silly audit   onetime: [ '5.1.2' ],
43 silly audit   ora: [ '5.4.1' ],
43 silly audit   'os-tmpdir': [ '1.0.2' ],
43 silly audit   'p-defer': [ '3.0.0' ],
43 silly audit   'p-fifo': [ '1.0.0' ],
43 silly audit   'package-json-type': [ '1.0.3' ],
43 silly audit   'parse-duration': [ '1.0.2' ],
43 silly audit   'password-prompt': [ '1.1.2' ],
43 silly audit   'path-is-absolute': [ '1.0.1' ],
43 silly audit   'path-key': [ '2.0.1' ],
43 silly audit   'path-type': [ '4.0.0' ],
43 silly audit   'pg-connection-string': [ '2.5.0' ],
43 silly audit   picocolors: [ '1.0.0' ],
43 silly audit   picomatch: [ '2.3.1' ],
43 silly audit   pino: [ '6.13.4' ],
43 silly audit   'pino-std-serializers': [ '3.2.0' ],
43 silly audit   'process-warning': [ '1.0.0' ],
43 silly audit   propagate: [ '2.0.1' ],
43 silly audit   protobufjs: [ '6.11.2' ],
43 silly audit   punycode: [ '2.1.1' ],
43 silly audit   'queue-microtask': [ '1.2.3' ],
43 silly audit   'quick-format-unescaped': [ '4.0.4' ],
43 silly audit   randombytes: [ '2.1.0' ],
43 silly audit   'react-native-fetch-api': [ '2.0.0' ],
43 silly audit   'readable-stream': [ '3.6.0' ],
43 silly audit   receptacle: [ '1.3.2' ],
43 silly audit   redeyed: [ '2.1.1' ],
43 silly audit   'reflect-metadata': [ '0.1.13' ],
43 silly audit   'regenerator-runtime': [ '0.13.9' ],
43 silly audit   'restore-cursor': [ '3.1.0' ],
43 silly audit   retimer: [ '2.0.0' ],
43 silly audit   'retry-as-promised': [ '5.0.0' ],
43 silly audit   reusify: [ '1.0.4' ],
43 silly audit   rimraf: [ '3.0.2' ],
43 silly audit   'rotating-file-stream': [ '3.0.2' ],
43 silly audit   'run-async': [ '2.4.1' ],
43 silly audit   'run-parallel': [ '1.2.0' ],
43 silly audit   'safe-buffer': [ '5.2.1' ],
43 silly audit   'safer-buffer': [ '2.1.2' ],
43 silly audit   'schema-utils': [ '3.1.1' ],
43 silly audit   sequelize: [ '6.13.0' ],
43 silly audit   'sequelize-pool': [ '7.1.0' ],
43 silly audit   'serialize-javascript': [ '6.0.0' ],
43 silly audit   'shallow-clone': [ '3.0.1' ],
43 silly audit   'shebang-command': [ '1.2.0' ],
43 silly audit   'shebang-regex': [ '1.0.0' ],
43 silly audit   'signal-exit': [ '3.0.6' ],
43 silly audit   'simple-git': [ '2.48.0' ],
43 silly audit   slash: [ '3.0.0' ],
43 silly audit   'sonic-boom': [ '1.4.1' ],
43 silly audit   'source-map': [ '0.6.1', '0.7.3' ],
43 silly audit   'source-map-support': [ '0.5.21' ],
43 silly audit   'sprintf-js': [ '1.0.3' ],
43 silly audit   'stream-to-it': [ '0.2.4' ],
43 silly audit   string_decoder: [ '1.3.0' ],
43 silly audit   'string-width': [ '4.2.3' ],
43 silly audit   'strip-ansi': [ '6.0.1' ],
43 silly audit   'supports-hyperlinks': [ '2.2.0' ],
43 silly audit   tapable: [ '2.2.1' ],
43 silly audit   terser: [ '5.10.0' ],
43 silly audit   'terser-webpack-plugin': [ '5.3.0' ],
43 silly audit   through: [ '2.3.8' ],
43 silly audit   'timeout-abort-controller': [ '1.1.1' ],
43 silly audit   tmp: [ '0.0.33' ],
43 silly audit   'to-regex-range': [ '5.0.1' ],
43 silly audit   'toposort-class': [ '1.0.1' ],
43 silly audit   tr46: [ '0.0.3' ],
43 silly audit   'ts-loader': [ '9.2.6' ],
43 silly audit   tweetnacl: [ '1.0.3' ],
43 silly audit   'type-fest': [ '0.21.3' ],
43 silly audit   'typedarray-to-buffer': [ '3.1.5' ],
43 silly audit   typescript: [ '4.5.4' ],
43 silly audit   uint8arrays: [ '3.0.0' ],
43 silly audit   universalify: [ '0.1.2' ],
43 silly audit   'uri-js': [ '4.4.1' ],
43 silly audit   'utf-8-validate': [ '5.0.8' ],
43 silly audit   'util-deprecate': [ '1.0.2' ],
43 silly audit   uuid: [ '8.3.2' ],
43 silly audit   validator: [ '13.7.0' ],
43 silly audit   varint: [ '6.0.0' ],
43 silly audit   watchpack: [ '2.3.1' ],
43 silly audit   wcwidth: [ '1.0.1' ],
43 silly audit   'webidl-conversions': [ '3.0.1' ],
43 silly audit   webpack: [ '5.66.0' ],
43 silly audit   'webpack-merge': [ '5.8.0' ],
43 silly audit   'webpack-sources': [ '3.2.3' ],
43 silly audit   websocket: [ '1.0.34' ],
43 silly audit   'whatwg-url': [ '5.0.0' ],
43 silly audit   which: [ '1.3.1' ],
43 silly audit   'widest-line': [ '3.1.0' ],
43 silly audit   wildcard: [ '2.0.0' ],
43 silly audit   wkx: [ '0.5.0' ],
43 silly audit   wrappy: [ '1.0.2' ],
43 silly audit   yaeti: [ '0.0.6' ],
43 silly audit   yallist: [ '4.0.0' ],
43 silly audit   yaml: [ '1.10.2' ],
43 silly audit   'yaml-loader': [ '0.6.0' ]
43 silly audit }
44 timing reify:unpack Completed in 3ms
45 timing reify:unretire Completed in 0ms
46 timing build:queue Completed in 0ms
47 timing build:deps Completed in 0ms
48 timing build Completed in 1ms
49 timing reify:build Completed in 2ms
50 timing reify:trash Completed in 0ms
51 timing reify:save Completed in 151ms
52 http fetch POST 200 https://registry.npmjs.org/-/npm/v1/security/advisories/bulk 835ms
53 timing auditReport:getReport Completed in 842ms
54 silly audit report {}
55 timing auditReport:init Completed in 0ms
56 timing reify:audit Completed in 844ms
57 timing reify Completed in 1658ms
58 timing command:install Completed in 1670ms
59 verbose exit 0
60 timing npm Completed in 1969ms
61 info ok
