0 verbose cli [
0 verbose cli   '/usr/local/bin/node',
0 verbose cli   '/usr/local/bin/npm',
0 verbose cli   'install',
0 verbose cli   '-g',
0 verbose cli   'yarn'
0 verbose cli ]
1 info using npm@8.3.1
2 info using node@v17.4.0
3 timing npm:load:whichnode Completed in 0ms
4 timing config:load:defaults Completed in 3ms
5 timing config:load:file:/usr/local/lib/node_modules/npm/npmrc Completed in 15ms
6 timing config:load:builtin Completed in 16ms
7 timing config:load:cli Completed in 4ms
8 timing config:load:env Completed in 0ms
9 timing config:load:project Completed in 9ms
10 timing config:load:file:/root/.npmrc Completed in 0ms
11 timing config:load:user Completed in 0ms
12 timing config:load:file:/usr/local/etc/npmrc Completed in 0ms
13 timing config:load:global Completed in 1ms
14 timing config:load:validate Completed in 0ms
15 timing config:load:credentials Completed in 1ms
16 timing config:load:setEnvs Completed in 1ms
17 timing config:load Completed in 36ms
18 timing npm:load:configload Completed in 36ms
19 timing npm:load:setTitle Completed in 0ms
20 timing config:load:flatten Completed in 4ms
21 timing npm:load:display Completed in 6ms
22 verbose logfile /root/.npm/_logs/2022-01-19T09_06_02_481Z-debug-0.log
23 timing npm:load:logFile Completed in 5ms
24 timing npm:load:timers Completed in 0ms
25 timing npm:load:configScope Completed in 0ms
26 timing npm:load Completed in 50ms
27 timing arborist:ctor Completed in 1ms
28 silly logfile start cleaning logs, removing 2 files
29 timing idealTree:init Completed in 6ms
30 timing idealTree:userRequests Completed in 2ms
31 silly idealTree buildDeps
32 silly fetch manifest yarn@*
33 http fetch GET 200 https://registry.npmjs.org/yarn 171ms (cache miss)
34 silly placeDep ROOT yarn@1.22.17 OK for:  want: *
35 timing idealTree:#root Completed in 186ms
36 timing idealTree:node_modules/yarn Completed in 0ms
37 timing idealTree:buildDeps Completed in 188ms
38 timing idealTree:fixDepFlags Completed in 0ms
39 timing idealTree Completed in 198ms
40 timing reify:loadTrees Completed in 201ms
41 timing reify:diffTrees Completed in 1ms
42 silly reify moves {}
43 timing reify:retireShallow Completed in 0ms
44 timing reify:createSparse Completed in 1ms
45 timing reify:loadBundles Completed in 0ms
46 silly audit bulk request { yarn: [ '1.22.17' ] }
47 silly tarball no local data for yarn@https://registry.npmjs.org/yarn/-/yarn-1.22.17.tgz. Extracting by manifest.
48 http fetch POST 200 https://registry.npmjs.org/-/npm/v1/security/advisories/bulk 184ms
49 timing auditReport:getReport Completed in 186ms
50 silly audit report {}
51 timing auditReport:init Completed in 0ms
52 timing reify:audit Completed in 187ms
53 http fetch GET 200 https://registry.npmjs.org/yarn/-/yarn-1.22.17.tgz 216ms (cache miss)
54 timing reifyNode:node_modules/yarn Completed in 227ms
55 timing reify:unpack Completed in 227ms
56 timing reify:unretire Completed in 0ms
57 timing build:queue Completed in 2ms
58 info run yarn@1.22.17 preinstall node_modules/yarn :; (node ./preinstall.js > /dev/null 2>&1 || true)
59 info run yarn@1.22.17 preinstall { code: 0, signal: null }
60 timing build:run:preinstall:node_modules/yarn Completed in 545ms
61 timing build:run:preinstall Completed in 545ms
62 timing build:link:node_modules/yarn Completed in 8ms
63 timing build:link Completed in 10ms
64 timing build:deps Completed in 557ms
65 timing build Completed in 557ms
66 timing reify:build Completed in 558ms
67 timing reify:trash Completed in 0ms
68 timing reify Completed in 1012ms
69 silly ADD node_modules/yarn
70 timing command:install Completed in 1019ms
71 verbose exit 0
72 timing npm Completed in 1364ms
73 info ok
